<?xml version="1.0" encoding="UTF-8"?>
<!-- Generated by org.testng.reporters.JUnitXMLReporter -->
<testsuite hostname="NODE167" name="Test" tests="1" failures="1" timestamp="28 Aug 2016 06:53:50 GMT" time="15.355" errors="0">
  <testcase name="flipDetails" time="0.414" classname="com.gspann.FlipcartTest">
    <failure type="java.lang.NullPointerException">
      <![CDATA[java.lang.NullPointerException
	at com.gspann.FlipcartExcel.myDP(FlipcartExcel.java:27)
	at com.gspann.FlipcartTest.flipDetails(FlipcartTest.java:44)
	at java.util.concurrent.FutureTask.run(Unknown Source)
	at java.util.concurrent.ThreadPoolExecutor.runWorker(Unknown Source)
	at java.util.concurrent.ThreadPoolExecutor$Worker.run(Unknown Source)
	at java.lang.Thread.run(Unknown Source)
... Removed 16 stack frames]]>
    </failure>
  </testcase> <!-- flipDetails -->
</testsuite> <!-- Test -->
