<?xml version="1.0" encoding="UTF-8"?>
<testng-results skipped="1" failed="1" total="2" passed="0">
  <reporter-output>
  </reporter-output>
  <suite name="Suite" duration-ms="15355" started-at="2016-08-28T06:53:34Z" finished-at="2016-08-28T06:53:50Z">
    <groups>
    </groups>
    <test name="Test1" duration-ms="13584" started-at="2016-08-28T06:53:34Z" finished-at="2016-08-28T06:53:48Z">
      <class name="com.gspann.FlipcartTest">
        <test-method status="FAIL" signature="startup(java.lang.String)[pri:0, instance:com.gspann.FlipcartTest@3173175]" name="startup" is-config="true" duration-ms="0" started-at="2016-08-28T12:23:34Z" finished-at="2016-08-28T12:23:34Z">
          <params>
            <param index="0">
              <value>
                <![CDATA[chrome]]>
              </value>
            </param>
          </params>
          <exception class="org.openqa.selenium.WebDriverException">
            <message>
              <![CDATA[unknown error: cannot get automation extension
from unknown error: DevTools returned unknown type:service_worker
  (Session info: chrome=52.0.2743.116)
  (Driver info: chromedriver=2.9.248315,platform=Windows NT 6.3 x86_64) (WARNING: The server did not provide any stacktrace information)
Command duration or timeout: 13 milliseconds
Build info: version: '2.53.0', revision: '35ae25b1534ae328c771e0856c93e187490ca824', time: '2016-03-15 10:43:46'
System info: host: 'NODE167', ip: '192.168.1.106', os.name: 'Windows 8.1', os.arch: 'amd64', os.version: '6.3', java.version: '1.7.0_79'
Session ID: aa82fd1056247b68c02a757331835273
Driver info: org.openqa.selenium.chrome.ChromeDriver
Capabilities [{platform=WIN8_1, acceptSslCerts=true, javascriptEnabled=true, browserName=chrome, chrome={userDataDir=C:\Users\User\AppData\Local\Temp\scoped_dir10504_30379}, rotatable=false, locationContextEnabled=true, version=52.0.2743.116, takesHeapSnapshot=true, cssSelectorsEnabled=true, databaseEnabled=false, handlesAlerts=true, browserConnectionEnabled=false, webStorageEnabled=true, nativeEvents=true, applicationCacheEnabled=false, takesScreenshot=true}]]]>
            </message>
            <full-stacktrace>
              <![CDATA[org.openqa.selenium.WebDriverException: unknown error: cannot get automation extension
from unknown error: DevTools returned unknown type:service_worker
  (Session info: chrome=52.0.2743.116)
  (Driver info: chromedriver=2.9.248315,platform=Windows NT 6.3 x86_64) (WARNING: The server did not provide any stacktrace information)
Command duration or timeout: 13 milliseconds
Build info: version: '2.53.0', revision: '35ae25b1534ae328c771e0856c93e187490ca824', time: '2016-03-15 10:43:46'
System info: host: 'NODE167', ip: '192.168.1.106', os.name: 'Windows 8.1', os.arch: 'amd64', os.version: '6.3', java.version: '1.7.0_79'
Session ID: aa82fd1056247b68c02a757331835273
Driver info: org.openqa.selenium.chrome.ChromeDriver
Capabilities [{platform=WIN8_1, acceptSslCerts=true, javascriptEnabled=true, browserName=chrome, chrome={userDataDir=C:\Users\User\AppData\Local\Temp\scoped_dir10504_30379}, rotatable=false, locationContextEnabled=true, version=52.0.2743.116, takesHeapSnapshot=true, cssSelectorsEnabled=true, databaseEnabled=false, handlesAlerts=true, browserConnectionEnabled=false, webStorageEnabled=true, nativeEvents=true, applicationCacheEnabled=false, takesScreenshot=true}]
	at sun.reflect.NativeConstructorAccessorImpl.newInstance0(Native Method)
	at sun.reflect.NativeConstructorAccessorImpl.newInstance(Unknown Source)
	at sun.reflect.DelegatingConstructorAccessorImpl.newInstance(Unknown Source)
	at java.lang.reflect.Constructor.newInstance(Unknown Source)
	at org.openqa.selenium.remote.ErrorHandler.createThrowable(ErrorHandler.java:206)
	at org.openqa.selenium.remote.ErrorHandler.throwIfResponseFailed(ErrorHandler.java:158)
	at org.openqa.selenium.remote.RemoteWebDriver.execute(RemoteWebDriver.java:678)
	at org.openqa.selenium.remote.RemoteWebDriver$RemoteWebDriverOptions$RemoteWindow.maximize(RemoteWebDriver.java:945)
	at com.gspann.FlipcartTest.startup(FlipcartTest.java:34)
	at sun.reflect.NativeMethodAccessorImpl.invoke0(Native Method)
	at sun.reflect.NativeMethodAccessorImpl.invoke(Unknown Source)
	at sun.reflect.DelegatingMethodAccessorImpl.invoke(Unknown Source)
	at java.lang.reflect.Method.invoke(Unknown Source)
	at org.testng.internal.MethodInvocationHelper.invokeMethod(MethodInvocationHelper.java:86)
	at org.testng.internal.Invoker.invokeConfigurationMethod(Invoker.java:514)
	at org.testng.internal.Invoker.invokeConfigurations(Invoker.java:215)
	at org.testng.internal.Invoker.invokeConfigurations(Invoker.java:142)
	at org.testng.internal.TestMethodWorker.invokeBeforeClassMethods(TestMethodWorker.java:178)
	at org.testng.internal.TestMethodWorker.run(TestMethodWorker.java:108)
	at org.testng.TestRunner.privateRun(TestRunner.java:782)
	at org.testng.TestRunner.run(TestRunner.java:632)
	at org.testng.SuiteRunner.runTest(SuiteRunner.java:366)
	at org.testng.SuiteRunner.access$000(SuiteRunner.java:39)
	at org.testng.SuiteRunner$SuiteWorker.run(SuiteRunner.java:400)
	at org.testng.internal.thread.ThreadUtil$2.call(ThreadUtil.java:64)
	at java.util.concurrent.FutureTask.run(Unknown Source)
	at java.util.concurrent.ThreadPoolExecutor.runWorker(Unknown Source)
	at java.util.concurrent.ThreadPoolExecutor$Worker.run(Unknown Source)
	at java.lang.Thread.run(Unknown Source)
]]>
            </full-stacktrace>
          </exception> <!-- org.openqa.selenium.WebDriverException -->
          <reporter-output>
          </reporter-output>
        </test-method> <!-- startup -->
        <test-method status="SKIP" signature="flipDetails()[pri:0, instance:com.gspann.FlipcartTest@3173175]" name="flipDetails" duration-ms="4" started-at="2016-08-28T12:23:48Z" finished-at="2016-08-28T12:23:48Z">
          <reporter-output>
          </reporter-output>
        </test-method> <!-- flipDetails -->
      </class> <!-- com.gspann.FlipcartTest -->
    </test> <!-- Test1 -->
    <test name="Test" duration-ms="15355" started-at="2016-08-28T06:53:34Z" finished-at="2016-08-28T06:53:50Z">
      <class name="com.gspann.FlipcartTest">
        <test-method status="PASS" signature="startup(java.lang.String)[pri:0, instance:com.gspann.FlipcartTest@614c8743]" name="startup" is-config="true" duration-ms="14926" started-at="2016-08-28T12:23:34Z" finished-at="2016-08-28T12:23:49Z">
          <params>
            <param index="0">
              <value>
                <![CDATA[firefox]]>
              </value>
            </param>
          </params>
          <reporter-output>
          </reporter-output>
        </test-method> <!-- startup -->
        <test-method status="FAIL" signature="flipDetails()[pri:0, instance:com.gspann.FlipcartTest@614c8743]" name="flipDetails" duration-ms="414" started-at="2016-08-28T12:23:49Z" finished-at="2016-08-28T12:23:50Z">
          <exception class="java.lang.NullPointerException">
            <full-stacktrace>
              <![CDATA[java.lang.NullPointerException
	at com.gspann.FlipcartExcel.myDP(FlipcartExcel.java:27)
	at com.gspann.FlipcartTest.flipDetails(FlipcartTest.java:44)
	at sun.reflect.NativeMethodAccessorImpl.invoke0(Native Method)
	at sun.reflect.NativeMethodAccessorImpl.invoke(Unknown Source)
	at sun.reflect.DelegatingMethodAccessorImpl.invoke(Unknown Source)
	at java.lang.reflect.Method.invoke(Unknown Source)
	at org.testng.internal.MethodInvocationHelper.invokeMethod(MethodInvocationHelper.java:86)
	at org.testng.internal.Invoker.invokeMethod(Invoker.java:643)
	at org.testng.internal.Invoker.invokeTestMethod(Invoker.java:820)
	at org.testng.internal.Invoker.invokeTestMethods(Invoker.java:1128)
	at org.testng.internal.TestMethodWorker.invokeTestMethods(TestMethodWorker.java:129)
	at org.testng.internal.TestMethodWorker.run(TestMethodWorker.java:112)
	at org.testng.TestRunner.privateRun(TestRunner.java:782)
	at org.testng.TestRunner.run(TestRunner.java:632)
	at org.testng.SuiteRunner.runTest(SuiteRunner.java:366)
	at org.testng.SuiteRunner.access$000(SuiteRunner.java:39)
	at org.testng.SuiteRunner$SuiteWorker.run(SuiteRunner.java:400)
	at org.testng.internal.thread.ThreadUtil$2.call(ThreadUtil.java:64)
	at java.util.concurrent.FutureTask.run(Unknown Source)
	at java.util.concurrent.ThreadPoolExecutor.runWorker(Unknown Source)
	at java.util.concurrent.ThreadPoolExecutor$Worker.run(Unknown Source)
	at java.lang.Thread.run(Unknown Source)
]]>
            </full-stacktrace>
          </exception> <!-- java.lang.NullPointerException -->
          <reporter-output>
          </reporter-output>
        </test-method> <!-- flipDetails -->
      </class> <!-- com.gspann.FlipcartTest -->
    </test> <!-- Test -->
  </suite> <!-- Suite -->
</testng-results>
